<?xml version="1.0" encoding="UTF-8"?>
<!-- Generated by org.testng.reporters.JUnitReportReporter -->
<testsuite hostname="LAPTOP-8FM6JVUV" failures="0" tests="4" name="com.bstack.tests.CheckOutTest" time="43.331" errors="0" timestamp="2025-07-29T16:57:45 IST" skipped="0">
  <testcase classname="com.bstack.tests.CheckOutTest" name="placeOrderWithValidDetails" time="12.558"/>
  <testcase classname="com.bstack.tests.CheckOutTest" name="placeOrderWithValidDetails" time="11.840"/>
  <testcase classname="com.bstack.tests.CheckOutTest" name="checkoutWithoutItemsNegativeTest" time="9.898"/>
  <testcase classname="com.bstack.tests.CheckOutTest" name="checkoutWithoutItemsNegativeTest" time="9.035"/>
</testsuite> <!-- com.bstack.tests.CheckOutTest -->
