<?xml version="1.0" encoding="UTF-8"?>
<!-- Generated by org.testng.reporters.JUnitReportReporter -->
<testsuite hostname="DESKTOP-H41JRIE" failures="0" tests="4" name="com.bstack.tests.CheckOutTest" time="86.320" errors="0" timestamp="2025-08-01T11:53:07 IST" skipped="0">
  <testcase classname="com.bstack.tests.CheckOutTest" name="placeOrderWithValidDetails" time="8.914"/>
  <system-out/>
  <testcase classname="com.bstack.tests.CheckOutTest" name="placeOrderWithValidDetails" time="14.629"/>
  <system-out/>
  <testcase classname="com.bstack.tests.CheckOutTest" name="checkoutWithoutItemsNegativeTest" time="33.874"/>
  <system-out/>
  <testcase classname="com.bstack.tests.CheckOutTest" name="checkoutWithoutItemsNegativeTest" time="28.903"/>
  <system-out/>
</testsuite> <!-- com.bstack.tests.CheckOutTest -->
