<?xml version="1.0" encoding="UTF-8"?>
<!-- Generated by org.testng.reporters.JUnitReportReporter -->
<testsuite hostname="DESKTOP-H41JRIE" failures="0" tests="6" name="com.bstack.tests.AddToCartTest" time="51.500" errors="0" timestamp="2025-08-01T11:53:07 IST" skipped="0">
  <testcase classname="com.bstack.tests.AddToCartTest" name="addSingleItemToCartTest" time="12.132"/>
  <system-out/>
  <testcase classname="com.bstack.tests.AddToCartTest" name="addSingleItemToCartTest" time="6.293"/>
  <system-out/>
  <testcase classname="com.bstack.tests.AddToCartTest" name="addMultipleItemsToCartTest" time="6.415"/>
  <system-out/>
  <testcase classname="com.bstack.tests.AddToCartTest" name="addMultipleItemsToCartTest" time="10.024"/>
  <system-out/>
  <testcase classname="com.bstack.tests.AddToCartTest" name="removeItemFromCartTest" time="6.504"/>
  <system-out/>
  <testcase classname="com.bstack.tests.AddToCartTest" name="removeItemFromCartTest" time="10.132"/>
  <system-out/>
</testsuite> <!-- com.bstack.tests.AddToCartTest -->
