<?xml version="1.0" encoding="UTF-8"?>
<!-- Generated by org.testng.reporters.JUnitReportReporter -->
<testsuite hostname="LAPTOP-8FM6JVUV" failures="0" tests="6" name="com.bstack.tests.AddToCartTest" time="66.271" errors="0" timestamp="2025-07-29T16:57:45 IST" skipped="0">
  <testcase classname="com.bstack.tests.AddToCartTest" name="addSingleItemToCartTest" time="10.110"/>
  <testcase classname="com.bstack.tests.AddToCartTest" name="addSingleItemToCartTest" time="10.735"/>
  <testcase classname="com.bstack.tests.AddToCartTest" name="addMultipleItemsToCartTest" time="9.815"/>
  <testcase classname="com.bstack.tests.AddToCartTest" name="addMultipleItemsToCartTest" time="11.280"/>
  <testcase classname="com.bstack.tests.AddToCartTest" name="removeItemFromCartTest" time="9.793"/>
  <testcase classname="com.bstack.tests.AddToCartTest" name="removeItemFromCartTest" time="14.538"/>
</testsuite> <!-- com.bstack.tests.AddToCartTest -->
